app/build/outputs/mapping/release/seeds.txt
androidx.core.view.WindowInsetsCompat$Impl20: androidx.core.graphics.Insets getInsets(int,boolean)
io.grpc.okhttp.internal.TlsVersion: io.grpc.okhttp.internal.TlsVersion valueOf(java.lang.String)
androidx.appcompat.widget.AppCompatCheckedTextView: void setSupportBackgroundTintList(android.content.res.ColorStateList)
com.google.firebase.firestore.util.Logger$Level: com.google.firebase.firestore.util.Logger$Level[] values()
androidx.appcompat.widget.AppCompatMultiAutoCompleteTextView: void setBackgroundResource(int)
androidx.core.view.WindowInsetsCompat$Impl: WindowInsetsCompat$Impl(androidx.core.view.WindowInsetsCompat)
com.google.android.material.snackbar.Snackbar$SnackbarLayout: void setBackgroundDrawable(android.graphics.drawable.Drawable)
androidx.appcompat.app.AppCompatDelegateImpl$Api21Impl: java.lang.String toLanguageTag(java.util.Locale)
com.google.firebase.appcheck.FirebaseAppCheckKtxRegistrar: FirebaseAppCheckKtxRegistrar()
com.google.android.material.chip.Chip: void setChipStrokeColor(android.content.res.ColorStateList)
androidx.core.content.ContextCompat$Api23Impl: java.lang.String getSystemServiceName(android.content.Context,java.lang.Class)
androidx.core.view.accessibility.AccessibilityNodeInfoCompat$Api34Impl: void getBoundsInWindow(android.view.accessibility.AccessibilityNodeInfo,android.graphics.Rect)
androidx.constraintlayout.widget.Barrier: void setAllowsGoneWidget(boolean)
androidx.appcompat.widget.AppCompatRadioButton: android.graphics.PorterDuff$Mode getSupportCompoundDrawablesTintMode()
com.google.firebase.firestore.util.AsyncQueue$TimerId: com.google.firebase.firestore.util.AsyncQueue$TimerId[] values()
androidx.appcompat.widget.SearchView: void setIconified(boolean)
com.google.firestore.v1.Write$OperationCase: com.google.firestore.v1.Write$OperationCase valueOf(java.lang.String)
androidx.core.app.NotificationCompatBuilder$Api20Impl: android.app.Notification$Builder setGroupSummary(android.app.Notification$Builder,boolean)
com.google.android.material.button.MaterialButton: android.content.res.ColorStateList getIconTint()
androidx.appcompat.widget.AppCompatCheckBox: void setFilters(android.text.InputFilter[])
androidx.transition.ViewGroupUtils$Api29Impl: int getChildDrawingOrder(android.view.ViewGroup,int)
com.google.android.material.chip.Chip: android.content.res.ColorStateList getCloseIconTint()
androidx.core.widget.TextViewCompat$Api23Impl: void setHyphenationFrequency(android.widget.TextView,int)
androidx.appcompat.widget.AppCompatImageView: void setImageBitmap(android.graphics.Bitmap)
androidx.core.view.WindowInsetsCompat$Impl20: boolean isRound()
com.google.android.material.button.MaterialButtonToggleGroup: void setSingleSelection(int)
com.google.android.material.textfield.TextInputLayout: void setBoxStrokeColorStateList(android.content.res.ColorStateList)
com.google.android.material.checkbox.MaterialCheckBox: android.content.res.ColorStateList getButtonIconTintList()
com.google.android.material.appbar.AppBarLayout$Behavior: AppBarLayout$Behavior(android.content.Context,android.util.AttributeSet)
androidx.core.widget.EdgeEffectCompat$Api31Impl: android.widget.EdgeEffect create(android.content.Context,android.util.AttributeSet)
com.google.android.material.textfield.TextInputLayout: int getHelperTextCurrentTextColor()
com.google.android.material.button.MaterialButton: void setShapeAppearanceModel(com.google.android.material.shape.ShapeAppearanceModel)
androidx.appcompat.widget.AppCompatToggleButton: android.graphics.PorterDuff$Mode getSupportCompoundDrawablesTintMode()
androidx.core.view.ViewCompat$Api26Impl: void setFocusedByDefault(android.view.View,boolean)
androidx.core.view.ViewCompat$Api29Impl: void saveAttributeDataForStyleable(android.view.View,android.content.Context,int[],android.util.AttributeSet,android.content.res.TypedArray,int,int)
com.google.firebase.appcheck.ktx.FirebaseAppCheckKtxRegistrar: FirebaseAppCheckKtxRegistrar()